<?xml version="1.0" encoding="UTF-8"?>
<!-- Generated by org.testng.reporters.JUnitXMLReporter -->
<testsuite hostname="DELL" ignored="0" name="Test" tests="1" failures="0" timestamp="30 Mar 2022 18:23:00 GMT" time="1.197" errors="0">
  <testcase name="@BeforeClass setUp" time="0.37" classname="com.guru99.tests.BaseTests">
    <failure type="java.lang.NullPointerException">
      <![CDATA[java.lang.NullPointerException
at commonLibs.implementation.CommonDriver.<init>(CommonDriver.java:21)
at com.guru99.tests.BaseTests.setUp(BaseTests.java:63)
... Removed 26 stack frames]]>
    </failure>
  </testcase> <!-- @BeforeClass setUp -->
  <testcase name="@AfterMethod postTestAction" time="0.0" classname="com.guru99.tests.BaseTests">
    <skipped/>
  </testcase> <!-- @AfterMethod postTestAction -->
  <testcase name="@AfterClass tearDown" time="0.0" classname="com.guru99.tests.BaseTests">
    <skipped/>
  </testcase> <!-- @AfterClass tearDown -->
  <testcase name="verifyUserLogin_ValidCredentials" time="0.0" classname="com.guru99.tests.LoginTests">
    <skipped/>
  </testcase> <!-- verifyUserLogin_ValidCredentials -->
</testsuite> <!-- Test -->
